
*** Running vivado
    with args -log tutorial_bd_wrapper.vdi -applog -m64 -product Vivado -messageDb vivado.pb -mode batch -source tutorial_bd_wrapper.tcl -notrace



****** Vivado v2020.2 (64-bit)
  **** SW Build 3064766 on Wed Nov 18 09:12:45 MST 2020
  **** IP Build 3064653 on Wed Nov 18 14:17:31 MST 2020
    ** Copyright 1986-2020 Xilinx, Inc. All Rights Reserved.

source tutorial_bd_wrapper.tcl -notrace
INFO: [IP_Flow 19-234] Refreshing IP repositories
INFO: [IP_Flow 19-1704] No user IP repositories specified
INFO: [IP_Flow 19-2313] Loaded Vivado IP repository 'C:/Xilinx/Vivado/2020.2/data/ip'.
Command: link_design -top tutorial_bd_wrapper -part xc7z020clg484-1
Design is defaulting to srcset: sources_1
Design is defaulting to constrset: constrs_1
INFO: [Device 21-403] Loading part xc7z020clg484-1
INFO: [Project 1-454] Reading design checkpoint 'c:/Users/dianhsu/Desktop/FPGA/edt_tutorial/edt_tutorial.gen/sources_1/bd/tutorial_bd/ip/tutorial_bd_axi_gpio_0_0/tutorial_bd_axi_gpio_0_0.dcp' for cell 'tutorial_bd_i/axi_gpio_0'
INFO: [Project 1-454] Reading design checkpoint 'c:/Users/dianhsu/Desktop/FPGA/edt_tutorial/edt_tutorial.gen/sources_1/bd/tutorial_bd/ip/tutorial_bd_axi_timer_0_1/tutorial_bd_axi_timer_0_1.dcp' for cell 'tutorial_bd_i/axi_timer_0'
INFO: [Project 1-454] Reading design checkpoint 'c:/Users/dianhsu/Desktop/FPGA/edt_tutorial/edt_tutorial.gen/sources_1/bd/tutorial_bd/ip/tutorial_bd_processing_system7_0_0/tutorial_bd_processing_system7_0_0.dcp' for cell 'tutorial_bd_i/processing_system7_0'
INFO: [Project 1-454] Reading design checkpoint 'c:/Users/dianhsu/Desktop/FPGA/edt_tutorial/edt_tutorial.gen/sources_1/bd/tutorial_bd/ip/tutorial_bd_rst_ps7_0_100M_0/tutorial_bd_rst_ps7_0_100M_0.dcp' for cell 'tutorial_bd_i/rst_ps7_0_100M'
INFO: [Project 1-454] Reading design checkpoint 'c:/Users/dianhsu/Desktop/FPGA/edt_tutorial/edt_tutorial.gen/sources_1/bd/tutorial_bd/ip/tutorial_bd_xbar_0/tutorial_bd_xbar_0.dcp' for cell 'tutorial_bd_i/ps7_0_axi_periph/xbar'
INFO: [Project 1-454] Reading design checkpoint 'c:/Users/dianhsu/Desktop/FPGA/edt_tutorial/edt_tutorial.gen/sources_1/bd/tutorial_bd/ip/tutorial_bd_auto_pc_0/tutorial_bd_auto_pc_0.dcp' for cell 'tutorial_bd_i/ps7_0_axi_periph/s00_couplers/auto_pc'
Netlist sorting complete. Time (s): cpu = 00:00:00 ; elapsed = 00:00:00.088 . Memory (MB): peak = 1126.254 ; gain = 0.000
INFO: [Netlist 29-17] Analyzing 67 Unisim elements for replacement
INFO: [Netlist 29-28] Unisim Transformation completed in 0 CPU seconds
INFO: [Project 1-479] Netlist was created with Vivado 2020.2
INFO: [Project 1-570] Preparing netlist for logic optimization
Parsing XDC File [c:/Users/dianhsu/Desktop/FPGA/edt_tutorial/edt_tutorial.gen/sources_1/bd/tutorial_bd/ip/tutorial_bd_processing_system7_0_0/tutorial_bd_processing_system7_0_0.xdc] for cell 'tutorial_bd_i/processing_system7_0/inst'
Finished Parsing XDC File [c:/Users/dianhsu/Desktop/FPGA/edt_tutorial/edt_tutorial.gen/sources_1/bd/tutorial_bd/ip/tutorial_bd_processing_system7_0_0/tutorial_bd_processing_system7_0_0.xdc] for cell 'tutorial_bd_i/processing_system7_0/inst'
Parsing XDC File [c:/Users/dianhsu/Desktop/FPGA/edt_tutorial/edt_tutorial.gen/sources_1/bd/tutorial_bd/ip/tutorial_bd_axi_gpio_0_0/tutorial_bd_axi_gpio_0_0_board.xdc] for cell 'tutorial_bd_i/axi_gpio_0/U0'
Finished Parsing XDC File [c:/Users/dianhsu/Desktop/FPGA/edt_tutorial/edt_tutorial.gen/sources_1/bd/tutorial_bd/ip/tutorial_bd_axi_gpio_0_0/tutorial_bd_axi_gpio_0_0_board.xdc] for cell 'tutorial_bd_i/axi_gpio_0/U0'
Parsing XDC File [c:/Users/dianhsu/Desktop/FPGA/edt_tutorial/edt_tutorial.gen/sources_1/bd/tutorial_bd/ip/tutorial_bd_axi_gpio_0_0/tutorial_bd_axi_gpio_0_0.xdc] for cell 'tutorial_bd_i/axi_gpio_0/U0'
Finished Parsing XDC File [c:/Users/dianhsu/Desktop/FPGA/edt_tutorial/edt_tutorial.gen/sources_1/bd/tutorial_bd/ip/tutorial_bd_axi_gpio_0_0/tutorial_bd_axi_gpio_0_0.xdc] for cell 'tutorial_bd_i/axi_gpio_0/U0'
Parsing XDC File [c:/Users/dianhsu/Desktop/FPGA/edt_tutorial/edt_tutorial.gen/sources_1/bd/tutorial_bd/ip/tutorial_bd_axi_timer_0_1/tutorial_bd_axi_timer_0_1.xdc] for cell 'tutorial_bd_i/axi_timer_0/U0'
Finished Parsing XDC File [c:/Users/dianhsu/Desktop/FPGA/edt_tutorial/edt_tutorial.gen/sources_1/bd/tutorial_bd/ip/tutorial_bd_axi_timer_0_1/tutorial_bd_axi_timer_0_1.xdc] for cell 'tutorial_bd_i/axi_timer_0/U0'
Parsing XDC File [c:/Users/dianhsu/Desktop/FPGA/edt_tutorial/edt_tutorial.gen/sources_1/bd/tutorial_bd/ip/tutorial_bd_rst_ps7_0_100M_0/tutorial_bd_rst_ps7_0_100M_0_board.xdc] for cell 'tutorial_bd_i/rst_ps7_0_100M/U0'
Finished Parsing XDC File [c:/Users/dianhsu/Desktop/FPGA/edt_tutorial/edt_tutorial.gen/sources_1/bd/tutorial_bd/ip/tutorial_bd_rst_ps7_0_100M_0/tutorial_bd_rst_ps7_0_100M_0_board.xdc] for cell 'tutorial_bd_i/rst_ps7_0_100M/U0'
Parsing XDC File [c:/Users/dianhsu/Desktop/FPGA/edt_tutorial/edt_tutorial.gen/sources_1/bd/tutorial_bd/ip/tutorial_bd_rst_ps7_0_100M_0/tutorial_bd_rst_ps7_0_100M_0.xdc] for cell 'tutorial_bd_i/rst_ps7_0_100M/U0'
Finished Parsing XDC File [c:/Users/dianhsu/Desktop/FPGA/edt_tutorial/edt_tutorial.gen/sources_1/bd/tutorial_bd/ip/tutorial_bd_rst_ps7_0_100M_0/tutorial_bd_rst_ps7_0_100M_0.xdc] for cell 'tutorial_bd_i/rst_ps7_0_100M/U0'
Parsing XDC File [C:/Users/dianhsu/Desktop/FPGA/edt_tutorial/edt_tutorial.srcs/constrs_1/new/GPIO_Constraints.xdc]
Finished Parsing XDC File [C:/Users/dianhsu/Desktop/FPGA/edt_tutorial/edt_tutorial.srcs/constrs_1/new/GPIO_Constraints.xdc]
INFO: [Opt 31-138] Pushed 0 inverter(s) to 0 load pin(s).
Netlist sorting complete. Time (s): cpu = 00:00:00 ; elapsed = 00:00:00.001 . Memory (MB): peak = 1126.254 ; gain = 0.000
INFO: [Project 1-111] Unisim Transformation Summary:
  A total of 1 instances were transformed.
  IOBUF => IOBUF (IBUF, OBUFT): 1 instance 

16 Infos, 0 Warnings, 0 Critical Warnings and 0 Errors encountered.
link_design completed successfully
link_design: Time (s): cpu = 00:00:09 ; elapsed = 00:00:12 . Memory (MB): peak = 1126.254 ; gain = 0.000
Command: opt_design
Attempting to get a license for feature 'Implementation' and/or device 'xc7z020'
INFO: [Common 17-349] Got license for feature 'Implementation' and/or device 'xc7z020'
Running DRC as a precondition to command opt_design

Starting DRC Task
INFO: [DRC 23-27] Running DRC with 2 threads
INFO: [Project 1-461] DRC finished with 0 Errors
INFO: [Project 1-462] Please refer to the DRC report (report_drc) for more information.

Time (s): cpu = 00:00:01 ; elapsed = 00:00:00.738 . Memory (MB): peak = 1128.340 ; gain = 2.086

Starting Cache Timing Information Task
INFO: [Timing 38-35] Done setting XDC timing constraints.
Ending Cache Timing Information Task | Checksum: 1f19b8c13

Time (s): cpu = 00:00:07 ; elapsed = 00:00:06 . Memory (MB): peak = 1666.074 ; gain = 537.734

Starting Logic Optimization Task

Phase 1 Retarget
INFO: [Opt 31-138] Pushed 0 inverter(s) to 0 load pin(s).
INFO: [Opt 31-49] Retargeted 0 cell(s).
Phase 1 Retarget | Checksum: 136e576d8

Time (s): cpu = 00:00:00 ; elapsed = 00:00:00.102 . Memory (MB): peak = 1879.914 ; gain = 0.000
INFO: [Opt 31-389] Phase Retarget created 6 cells and removed 37 cells
INFO: [Opt 31-1021] In phase Retarget, 2 netlist objects are constrained preventing optimization. Please run opt_design with -debug_log to get more detail. 

Phase 2 Constant propagation
INFO: [Opt 31-138] Pushed 0 inverter(s) to 0 load pin(s).
Phase 2 Constant propagation | Checksum: 136e576d8

Time (s): cpu = 00:00:00 ; elapsed = 00:00:00.114 . Memory (MB): peak = 1879.914 ; gain = 0.000
INFO: [Opt 31-389] Phase Constant propagation created 0 cells and removed 0 cells

Phase 3 Sweep
Phase 3 Sweep | Checksum: 1eefaccff

Time (s): cpu = 00:00:01 ; elapsed = 00:00:00.241 . Memory (MB): peak = 1879.914 ; gain = 0.000
INFO: [Opt 31-389] Phase Sweep created 0 cells and removed 106 cells

Phase 4 BUFG optimization
Phase 4 BUFG optimization | Checksum: 1eefaccff

Time (s): cpu = 00:00:01 ; elapsed = 00:00:00.269 . Memory (MB): peak = 1879.914 ; gain = 0.000
INFO: [Opt 31-662] Phase BUFG optimization created 0 cells of which 0 are BUFGs and removed 0 cells.

Phase 5 Shift Register Optimization
INFO: [Opt 31-1064] SRL Remap converted 0 SRLs to 0 registers and converted 0 registers of register chains to 0 SRLs
Phase 5 Shift Register Optimization | Checksum: 1eefaccff

Time (s): cpu = 00:00:01 ; elapsed = 00:00:00.274 . Memory (MB): peak = 1879.914 ; gain = 0.000
INFO: [Opt 31-389] Phase Shift Register Optimization created 0 cells and removed 0 cells

Phase 6 Post Processing Netlist
Phase 6 Post Processing Netlist | Checksum: 1eefaccff

Time (s): cpu = 00:00:01 ; elapsed = 00:00:00.284 . Memory (MB): peak = 1879.914 ; gain = 0.000
INFO: [Opt 31-389] Phase Post Processing Netlist created 0 cells and removed 0 cells
Opt_design Change Summary
=========================


-------------------------------------------------------------------------------------------------------------------------
|  Phase                        |  #Cells created  |  #Cells Removed  |  #Constrained objects preventing optimizations  |
-------------------------------------------------------------------------------------------------------------------------
|  Retarget                     |               6  |              37  |                                              2  |
|  Constant propagation         |               0  |               0  |                                              0  |
|  Sweep                        |               0  |             106  |                                              0  |
|  BUFG optimization            |               0  |               0  |                                              0  |
|  Shift Register Optimization  |               0  |               0  |                                              0  |
|  Post Processing Netlist      |               0  |               0  |                                              0  |
-------------------------------------------------------------------------------------------------------------------------



Starting Connectivity Check Task

Time (s): cpu = 00:00:00 ; elapsed = 00:00:00.003 . Memory (MB): peak = 1879.914 ; gain = 0.000
Ending Logic Optimization Task | Checksum: 197643f14

Time (s): cpu = 00:00:01 ; elapsed = 00:00:00.369 . Memory (MB): peak = 1879.914 ; gain = 0.000

Starting Power Optimization Task
INFO: [Pwropt 34-132] Skipping clock gating for clocks with a period < 2.00 ns.
Ending Power Optimization Task | Checksum: 197643f14

Time (s): cpu = 00:00:00 ; elapsed = 00:00:00.007 . Memory (MB): peak = 1879.914 ; gain = 0.000

Starting Final Cleanup Task
Ending Final Cleanup Task | Checksum: 197643f14

Time (s): cpu = 00:00:00 ; elapsed = 00:00:00 . Memory (MB): peak = 1879.914 ; gain = 0.000

Starting Netlist Obfuscation Task
Netlist sorting complete. Time (s): cpu = 00:00:00 ; elapsed = 00:00:00.001 . Memory (MB): peak = 1879.914 ; gain = 0.000
Ending Netlist Obfuscation Task | Checksum: 197643f14

Time (s): cpu = 00:00:00 ; elapsed = 00:00:00.001 . Memory (MB): peak = 1879.914 ; gain = 0.000
INFO: [Common 17-83] Releasing license: Implementation
34 Infos, 0 Warnings, 0 Critical Warnings and 0 Errors encountered.
opt_design completed successfully
opt_design: Time (s): cpu = 00:00:10 ; elapsed = 00:00:09 . Memory (MB): peak = 1879.914 ; gain = 753.660
INFO: [Timing 38-480] Writing timing data to binary archive.
Writing placer database...
Writing XDEF routing.
Writing XDEF routing logical nets.
Writing XDEF routing special nets.
Write XDEF Complete: Time (s): cpu = 00:00:00 ; elapsed = 00:00:00.050 . Memory (MB): peak = 1879.914 ; gain = 0.000
INFO: [Common 17-1381] The checkpoint 'C:/Users/dianhsu/Desktop/FPGA/edt_tutorial/edt_tutorial.runs/impl_1/tutorial_bd_wrapper_opt.dcp' has been generated.
INFO: [runtcl-4] Executing : report_drc -file tutorial_bd_wrapper_drc_opted.rpt -pb tutorial_bd_wrapper_drc_opted.pb -rpx tutorial_bd_wrapper_drc_opted.rpx
Command: report_drc -file tutorial_bd_wrapper_drc_opted.rpt -pb tutorial_bd_wrapper_drc_opted.pb -rpx tutorial_bd_wrapper_drc_opted.rpx
INFO: [IP_Flow 19-1839] IP Catalog is up to date.
INFO: [Timing 38-35] Done setting XDC timing constraints.
INFO: [DRC 23-27] Running DRC with 2 threads
INFO: [Coretcl 2-168] The results of DRC are in file C:/Users/dianhsu/Desktop/FPGA/edt_tutorial/edt_tutorial.runs/impl_1/tutorial_bd_wrapper_drc_opted.rpt.
report_drc completed successfully
Command: place_design
Attempting to get a license for feature 'Implementation' and/or device 'xc7z020'
INFO: [Common 17-349] Got license for feature 'Implementation' and/or device 'xc7z020'
INFO: [DRC 23-27] Running DRC with 2 threads
INFO: [Vivado_Tcl 4-198] DRC finished with 0 Errors
INFO: [Vivado_Tcl 4-199] Please refer to the DRC report (report_drc) for more information.
Running DRC as a precondition to command place_design
INFO: [DRC 23-27] Running DRC with 2 threads
INFO: [Vivado_Tcl 4-198] DRC finished with 0 Errors
INFO: [Vivado_Tcl 4-199] Please refer to the DRC report (report_drc) for more information.

Starting Placer Task
INFO: [Place 30-611] Multithreading enabled for place_design using a maximum of 2 CPUs

Phase 1 Placer Initialization

Phase 1.1 Placer Initialization Netlist Sorting
Netlist sorting complete. Time (s): cpu = 00:00:00 ; elapsed = 00:00:00.001 . Memory (MB): peak = 1926.070 ; gain = 0.000
Phase 1.1 Placer Initialization Netlist Sorting | Checksum: 133fe3307

Time (s): cpu = 00:00:00 ; elapsed = 00:00:00.007 . Memory (MB): peak = 1926.070 ; gain = 0.000
Netlist sorting complete. Time (s): cpu = 00:00:00 ; elapsed = 00:00:00.001 . Memory (MB): peak = 1926.070 ; gain = 0.000

Phase 1.2 IO Placement/ Clock Placement/ Build Placer Device
Phase 1.2 IO Placement/ Clock Placement/ Build Placer Device | Checksum: 4cc7b2af

Time (s): cpu = 00:00:01 ; elapsed = 00:00:00.361 . Memory (MB): peak = 1926.070 ; gain = 0.000

Phase 1.3 Build Placer Netlist Model
Phase 1.3 Build Placer Netlist Model | Checksum: ba20e263

Time (s): cpu = 00:00:01 ; elapsed = 00:00:00.640 . Memory (MB): peak = 1926.070 ; gain = 0.000

Phase 1.4 Constrain Clocks/Macros
Phase 1.4 Constrain Clocks/Macros | Checksum: ba20e263

Time (s): cpu = 00:00:01 ; elapsed = 00:00:00.644 . Memory (MB): peak = 1926.070 ; gain = 0.000
Phase 1 Placer Initialization | Checksum: ba20e263

Time (s): cpu = 00:00:01 ; elapsed = 00:00:00.650 . Memory (MB): peak = 1926.070 ; gain = 0.000

Phase 2 Global Placement

Phase 2.1 Floorplanning
Phase 2.1 Floorplanning | Checksum: 1b0c0d775

Time (s): cpu = 00:00:01 ; elapsed = 00:00:00.754 . Memory (MB): peak = 1926.070 ; gain = 0.000

Phase 2.2 Update Timing before SLR Path Opt
Phase 2.2 Update Timing before SLR Path Opt | Checksum: d52573c3

Time (s): cpu = 00:00:02 ; elapsed = 00:00:00.833 . Memory (MB): peak = 1926.070 ; gain = 0.000

Phase 2.3 Global Placement Core

Phase 2.3.1 Physical Synthesis In Placer
INFO: [Physopt 32-1035] Found 0 LUTNM shape to break, 30 LUT instances to create LUTNM shape
INFO: [Physopt 32-1044] Break lutnm for timing: one critical 0, two critical 0, total 0, new lutff created 0
INFO: [Physopt 32-775] End 1 Pass. Optimized 12 nets or cells. Created 0 new cell, deleted 12 existing cells and moved 0 existing cell
INFO: [Physopt 32-65] No nets found for high-fanout optimization.
INFO: [Physopt 32-232] Optimized 0 net. Created 0 new instance.
INFO: [Physopt 32-775] End 1 Pass. Optimized 0 net or cell. Created 0 new cell, deleted 0 existing cell and moved 0 existing cell
INFO: [Physopt 32-670] No setup violation found.  DSP Register Optimization was not performed.
INFO: [Physopt 32-670] No setup violation found.  Shift Register to Pipeline Optimization was not performed.
INFO: [Physopt 32-670] No setup violation found.  Shift Register Optimization was not performed.
INFO: [Physopt 32-670] No setup violation found.  BRAM Register Optimization was not performed.
INFO: [Physopt 32-670] No setup violation found.  URAM Register Optimization was not performed.
INFO: [Physopt 32-949] No candidate nets found for dynamic/static region interface net replication
INFO: [Physopt 32-775] End 1 Pass. Optimized 0 net or cell. Created 0 new cell, deleted 0 existing cell and moved 0 existing cell
Netlist sorting complete. Time (s): cpu = 00:00:00 ; elapsed = 00:00:00.001 . Memory (MB): peak = 1926.070 ; gain = 0.000

Summary of Physical Synthesis Optimizations
============================================


-----------------------------------------------------------------------------------------------------------------------------------------------------------
|  Optimization                                     |  Added Cells  |  Removed Cells  |  Optimized Cells/Nets  |  Dont Touch  |  Iterations  |  Elapsed   |
-----------------------------------------------------------------------------------------------------------------------------------------------------------
|  LUT Combining                                    |            0  |             12  |                    12  |           0  |           1  |  00:00:00  |
|  Very High Fanout                                 |            0  |              0  |                     0  |           0  |           1  |  00:00:00  |
|  DSP Register                                     |            0  |              0  |                     0  |           0  |           0  |  00:00:00  |
|  Shift Register to Pipeline                       |            0  |              0  |                     0  |           0  |           0  |  00:00:00  |
|  Shift Register                                   |            0  |              0  |                     0  |           0  |           0  |  00:00:00  |
|  BRAM Register                                    |            0  |              0  |                     0  |           0  |           0  |  00:00:00  |
|  URAM Register                                    |            0  |              0  |                     0  |           0  |           0  |  00:00:00  |
|  Dynamic/Static Region Interface Net Replication  |            0  |              0  |                     0  |           0  |           1  |  00:00:00  |
|  Total                                            |            0  |             12  |                    12  |           0  |           3  |  00:00:00  |
-----------------------------------------------------------------------------------------------------------------------------------------------------------


Phase 2.3.1 Physical Synthesis In Placer | Checksum: 1098e758b

Time (s): cpu = 00:00:05 ; elapsed = 00:00:02 . Memory (MB): peak = 1926.070 ; gain = 0.000
Phase 2.3 Global Placement Core | Checksum: b9cf9e6b

Time (s): cpu = 00:00:05 ; elapsed = 00:00:02 . Memory (MB): peak = 1926.070 ; gain = 0.000
Phase 2 Global Placement | Checksum: b9cf9e6b

Time (s): cpu = 00:00:05 ; elapsed = 00:00:02 . Memory (MB): peak = 1926.070 ; gain = 0.000

Phase 3 Detail Placement

Phase 3.1 Commit Multi Column Macros
Phase 3.1 Commit Multi Column Macros | Checksum: 196b6bef9

Time (s): cpu = 00:00:05 ; elapsed = 00:00:02 . Memory (MB): peak = 1926.070 ; gain = 0.000

Phase 3.2 Commit Most Macros & LUTRAMs
Phase 3.2 Commit Most Macros & LUTRAMs | Checksum: 19e170362

Time (s): cpu = 00:00:05 ; elapsed = 00:00:03 . Memory (MB): peak = 1926.070 ; gain = 0.000

Phase 3.3 Area Swap Optimization
Phase 3.3 Area Swap Optimization | Checksum: 2046f2258

Time (s): cpu = 00:00:05 ; elapsed = 00:00:03 . Memory (MB): peak = 1926.070 ; gain = 0.000

Phase 3.4 Pipeline Register Optimization
Phase 3.4 Pipeline Register Optimization | Checksum: 23ed2d4c2

Time (s): cpu = 00:00:05 ; elapsed = 00:00:03 . Memory (MB): peak = 1926.070 ; gain = 0.000

Phase 3.5 Small Shape Detail Placement
Phase 3.5 Small Shape Detail Placement | Checksum: 1eca6cdc6

Time (s): cpu = 00:00:06 ; elapsed = 00:00:03 . Memory (MB): peak = 1926.070 ; gain = 0.000

Phase 3.6 Re-assign LUT pins
Phase 3.6 Re-assign LUT pins | Checksum: 16e21bd44

Time (s): cpu = 00:00:06 ; elapsed = 00:00:03 . Memory (MB): peak = 1926.070 ; gain = 0.000

Phase 3.7 Pipeline Register Optimization
Phase 3.7 Pipeline Register Optimization | Checksum: 1a47d6fba

Time (s): cpu = 00:00:06 ; elapsed = 00:00:03 . Memory (MB): peak = 1926.070 ; gain = 0.000
Phase 3 Detail Placement | Checksum: 1a47d6fba

Time (s): cpu = 00:00:06 ; elapsed = 00:00:03 . Memory (MB): peak = 1926.070 ; gain = 0.000

Phase 4 Post Placement Optimization and Clean-Up

Phase 4.1 Post Commit Optimization
INFO: [Timing 38-35] Done setting XDC timing constraints.

Phase 4.1.1 Post Placement Optimization
Post Placement Optimization Initialization | Checksum: 16192837f

Phase 4.1.1.1 BUFG Insertion

Starting Physical Synthesis Task

Phase 1 Physical Synthesis Initialization
INFO: [Physopt 32-721] Multithreading enabled for phys_opt_design using a maximum of 2 CPUs
INFO: [Physopt 32-619] Estimated Timing Summary | WNS=3.116 | TNS=0.000 |
Phase 1 Physical Synthesis Initialization | Checksum: 197253624

Time (s): cpu = 00:00:01 ; elapsed = 00:00:00.053 . Memory (MB): peak = 1926.070 ; gain = 0.000
INFO: [Place 46-56] BUFG insertion identified 0 candidate nets. Inserted BUFG: 0, Replicated BUFG Driver: 0, Skipped due to Placement/Routing Conflicts: 0, Skipped due to Timing Degradation: 0, Skipped due to Illegal Netlist: 0.
Ending Physical Synthesis Task | Checksum: 1666a3b6d

Time (s): cpu = 00:00:01 ; elapsed = 00:00:00.057 . Memory (MB): peak = 1926.070 ; gain = 0.000
Phase 4.1.1.1 BUFG Insertion | Checksum: 16192837f

Time (s): cpu = 00:00:07 ; elapsed = 00:00:04 . Memory (MB): peak = 1926.070 ; gain = 0.000
INFO: [Place 30-746] Post Placement Timing Summary WNS=3.116. For the most accurate timing information please run report_timing.

Time (s): cpu = 00:00:07 ; elapsed = 00:00:04 . Memory (MB): peak = 1926.070 ; gain = 0.000
Phase 4.1 Post Commit Optimization | Checksum: 1b2a72a57

Time (s): cpu = 00:00:07 ; elapsed = 00:00:04 . Memory (MB): peak = 1926.070 ; gain = 0.000

Phase 4.2 Post Placement Cleanup
Phase 4.2 Post Placement Cleanup | Checksum: 1b2a72a57

Time (s): cpu = 00:00:07 ; elapsed = 00:00:04 . Memory (MB): peak = 1926.070 ; gain = 0.000

Phase 4.3 Placer Reporting

Phase 4.3.1 Print Estimated Congestion
INFO: [Place 30-612] Post-Placement Estimated Congestion 
 ____________________________________________________
|           | Global Congestion | Short Congestion  |
| Direction | Region Size       | Region Size       |
|___________|___________________|___________________|
|      North|                1x1|                1x1|
|___________|___________________|___________________|
|      South|                1x1|                1x1|
|___________|___________________|___________________|
|       East|                1x1|                1x1|
|___________|___________________|___________________|
|       West|                1x1|                1x1|
|___________|___________________|___________________|

Phase 4.3.1 Print Estimated Congestion | Checksum: 1b2a72a57

Time (s): cpu = 00:00:07 ; elapsed = 00:00:04 . Memory (MB): peak = 1926.070 ; gain = 0.000
Phase 4.3 Placer Reporting | Checksum: 1b2a72a57

Time (s): cpu = 00:00:07 ; elapsed = 00:00:04 . Memory (MB): peak = 1926.070 ; gain = 0.000

Phase 4.4 Final Placement Cleanup
Netlist sorting complete. Time (s): cpu = 00:00:00 ; elapsed = 00:00:00.001 . Memory (MB): peak = 1926.070 ; gain = 0.000

Time (s): cpu = 00:00:07 ; elapsed = 00:00:04 . Memory (MB): peak = 1926.070 ; gain = 0.000
Phase 4 Post Placement Optimization and Clean-Up | Checksum: f186ed90

Time (s): cpu = 00:00:07 ; elapsed = 00:00:04 . Memory (MB): peak = 1926.070 ; gain = 0.000
Ending Placer Task | Checksum: 41e3f299

Time (s): cpu = 00:00:07 ; elapsed = 00:00:04 . Memory (MB): peak = 1926.070 ; gain = 0.000
INFO: [Common 17-83] Releasing license: Implementation
69 Infos, 0 Warnings, 0 Critical Warnings and 0 Errors encountered.
place_design completed successfully
INFO: [Timing 38-480] Writing timing data to binary archive.
Writing placer database...
Writing XDEF routing.
Writing XDEF routing logical nets.
Writing XDEF routing special nets.
Write XDEF Complete: Time (s): cpu = 00:00:00 ; elapsed = 00:00:00.151 . Memory (MB): peak = 1926.070 ; gain = 0.000
INFO: [Common 17-1381] The checkpoint 'C:/Users/dianhsu/Desktop/FPGA/edt_tutorial/edt_tutorial.runs/impl_1/tutorial_bd_wrapper_placed.dcp' has been generated.
INFO: [runtcl-4] Executing : report_io -file tutorial_bd_wrapper_io_placed.rpt
report_io: Time (s): cpu = 00:00:00 ; elapsed = 00:00:00.049 . Memory (MB): peak = 1926.070 ; gain = 0.000
INFO: [runtcl-4] Executing : report_utilization -file tutorial_bd_wrapper_utilization_placed.rpt -pb tutorial_bd_wrapper_utilization_placed.pb
INFO: [runtcl-4] Executing : report_control_sets -verbose -file tutorial_bd_wrapper_control_sets_placed.rpt
report_control_sets: Time (s): cpu = 00:00:00 ; elapsed = 00:00:00.009 . Memory (MB): peak = 1926.070 ; gain = 0.000
Command: phys_opt_design
Attempting to get a license for feature 'Implementation' and/or device 'xc7z020'
INFO: [Common 17-349] Got license for feature 'Implementation' and/or device 'xc7z020'
INFO: [Vivado_Tcl 4-383] Design worst setup slack (WNS) is greater than or equal to 0.000 ns. Skipping all physical synthesis optimizations.
INFO: [Vivado_Tcl 4-232] No setup violation found. The netlist was not modified.
INFO: [Common 17-83] Releasing license: Implementation
78 Infos, 0 Warnings, 0 Critical Warnings and 0 Errors encountered.
phys_opt_design completed successfully
INFO: [Timing 38-480] Writing timing data to binary archive.
Writing placer database...
Writing XDEF routing.
Writing XDEF routing logical nets.
Writing XDEF routing special nets.
Write XDEF Complete: Time (s): cpu = 00:00:01 ; elapsed = 00:00:00.147 . Memory (MB): peak = 1930.836 ; gain = 4.766
INFO: [Common 17-1381] The checkpoint 'C:/Users/dianhsu/Desktop/FPGA/edt_tutorial/edt_tutorial.runs/impl_1/tutorial_bd_wrapper_physopt.dcp' has been generated.
Command: route_design
Attempting to get a license for feature 'Implementation' and/or device 'xc7z020'
INFO: [Common 17-349] Got license for feature 'Implementation' and/or device 'xc7z020'
Running DRC as a precondition to command route_design
INFO: [DRC 23-27] Running DRC with 2 threads
INFO: [Vivado_Tcl 4-198] DRC finished with 0 Errors
INFO: [Vivado_Tcl 4-199] Please refer to the DRC report (report_drc) for more information.


Starting Routing Task
INFO: [Route 35-254] Multithreading enabled for route_design using a maximum of 2 CPUs
Checksum: PlaceDB: 2dd35968 ConstDB: 0 ShapeSum: 14109931 RouteDB: 0

Phase 1 Build RT Design
Phase 1 Build RT Design | Checksum: 10fc67c7b

Time (s): cpu = 00:00:18 ; elapsed = 00:00:16 . Memory (MB): peak = 2040.660 ; gain = 97.793
Post Restoration Checksum: NetGraph: 55dfe164 NumContArr: b9e69b17 Constraints: 0 Timing: 0

Phase 2 Router Initialization

Phase 2.1 Create Timer
Phase 2.1 Create Timer | Checksum: 10fc67c7b

Time (s): cpu = 00:00:18 ; elapsed = 00:00:16 . Memory (MB): peak = 2040.660 ; gain = 97.793

Phase 2.2 Fix Topology Constraints
Phase 2.2 Fix Topology Constraints | Checksum: 10fc67c7b

Time (s): cpu = 00:00:18 ; elapsed = 00:00:16 . Memory (MB): peak = 2046.656 ; gain = 103.789

Phase 2.3 Pre Route Cleanup
Phase 2.3 Pre Route Cleanup | Checksum: 10fc67c7b

Time (s): cpu = 00:00:18 ; elapsed = 00:00:16 . Memory (MB): peak = 2046.656 ; gain = 103.789
 Number of Nodes with overlaps = 0

Phase 2.4 Update Timing
Phase 2.4 Update Timing | Checksum: 17c3617ca

Time (s): cpu = 00:00:19 ; elapsed = 00:00:17 . Memory (MB): peak = 2071.941 ; gain = 129.074
INFO: [Route 35-416] Intermediate Timing Summary | WNS=3.043  | TNS=0.000  | WHS=-0.189 | THS=-21.731|

Phase 2 Router Initialization | Checksum: 1697ee859

Time (s): cpu = 00:00:19 ; elapsed = 00:00:17 . Memory (MB): peak = 2071.941 ; gain = 129.074

Router Utilization Summary
  Global Vertical Routing Utilization    = 0 %
  Global Horizontal Routing Utilization  = 0 %
  Routable Net Status*
  *Does not include unroutable nets such as driverless and loadless.
  Run report_route_status for detailed report.
  Number of Failed Nets               = 1749
    (Failed Nets is the sum of unrouted and partially routed nets)
  Number of Unrouted Nets             = 1749
  Number of Partially Routed Nets     = 0
  Number of Node Overlaps             = 0


Phase 3 Initial Routing

Phase 3.1 Global Routing
Phase 3.1 Global Routing | Checksum: 1697ee859

Time (s): cpu = 00:00:19 ; elapsed = 00:00:17 . Memory (MB): peak = 2071.941 ; gain = 129.074
Phase 3 Initial Routing | Checksum: 29b5101b2

Time (s): cpu = 00:00:20 ; elapsed = 00:00:17 . Memory (MB): peak = 2071.941 ; gain = 129.074

Phase 4 Rip-up And Reroute

Phase 4.1 Global Iteration 0
 Number of Nodes with overlaps = 127
 Number of Nodes with overlaps = 4
 Number of Nodes with overlaps = 1
 Number of Nodes with overlaps = 0
INFO: [Route 35-416] Intermediate Timing Summary | WNS=3.373  | TNS=0.000  | WHS=N/A    | THS=N/A    |

Phase 4.1 Global Iteration 0 | Checksum: 13584bd00

Time (s): cpu = 00:00:20 ; elapsed = 00:00:17 . Memory (MB): peak = 2071.941 ; gain = 129.074

Phase 4.2 Global Iteration 1
 Number of Nodes with overlaps = 1
 Number of Nodes with overlaps = 0
INFO: [Route 35-416] Intermediate Timing Summary | WNS=3.373  | TNS=0.000  | WHS=N/A    | THS=N/A    |

Phase 4.2 Global Iteration 1 | Checksum: 205729a82

Time (s): cpu = 00:00:20 ; elapsed = 00:00:17 . Memory (MB): peak = 2071.941 ; gain = 129.074
Phase 4 Rip-up And Reroute | Checksum: 205729a82

Time (s): cpu = 00:00:20 ; elapsed = 00:00:17 . Memory (MB): peak = 2071.941 ; gain = 129.074

Phase 5 Delay and Skew Optimization

Phase 5.1 Delay CleanUp

Phase 5.1.1 Update Timing
Phase 5.1.1 Update Timing | Checksum: 149ec153e

Time (s): cpu = 00:00:20 ; elapsed = 00:00:18 . Memory (MB): peak = 2071.941 ; gain = 129.074
INFO: [Route 35-416] Intermediate Timing Summary | WNS=3.488  | TNS=0.000  | WHS=N/A    | THS=N/A    |

Phase 5.1 Delay CleanUp | Checksum: 149ec153e

Time (s): cpu = 00:00:20 ; elapsed = 00:00:18 . Memory (MB): peak = 2071.941 ; gain = 129.074

Phase 5.2 Clock Skew Optimization
Phase 5.2 Clock Skew Optimization | Checksum: 149ec153e

Time (s): cpu = 00:00:20 ; elapsed = 00:00:18 . Memory (MB): peak = 2071.941 ; gain = 129.074
Phase 5 Delay and Skew Optimization | Checksum: 149ec153e

Time (s): cpu = 00:00:20 ; elapsed = 00:00:18 . Memory (MB): peak = 2071.941 ; gain = 129.074

Phase 6 Post Hold Fix

Phase 6.1 Hold Fix Iter

Phase 6.1.1 Update Timing
Phase 6.1.1 Update Timing | Checksum: 204568c06

Time (s): cpu = 00:00:20 ; elapsed = 00:00:18 . Memory (MB): peak = 2071.941 ; gain = 129.074
INFO: [Route 35-416] Intermediate Timing Summary | WNS=3.488  | TNS=0.000  | WHS=0.029  | THS=0.000  |

Phase 6.1 Hold Fix Iter | Checksum: 144807262

Time (s): cpu = 00:00:20 ; elapsed = 00:00:18 . Memory (MB): peak = 2071.941 ; gain = 129.074
Phase 6 Post Hold Fix | Checksum: 144807262

Time (s): cpu = 00:00:20 ; elapsed = 00:00:18 . Memory (MB): peak = 2071.941 ; gain = 129.074

Phase 7 Route finalize

Router Utilization Summary
  Global Vertical Routing Utilization    = 0.248473 %
  Global Horizontal Routing Utilization  = 0.325727 %
  Routable Net Status*
  *Does not include unroutable nets such as driverless and loadless.
  Run report_route_status for detailed report.
  Number of Failed Nets               = 0
    (Failed Nets is the sum of unrouted and partially routed nets)
  Number of Unrouted Nets             = 0
  Number of Partially Routed Nets     = 0
  Number of Node Overlaps             = 0

Phase 7 Route finalize | Checksum: 1b5ae2622

Time (s): cpu = 00:00:20 ; elapsed = 00:00:18 . Memory (MB): peak = 2071.941 ; gain = 129.074

Phase 8 Verifying routed nets

 Verification completed successfully
Phase 8 Verifying routed nets | Checksum: 1b5ae2622

Time (s): cpu = 00:00:20 ; elapsed = 00:00:18 . Memory (MB): peak = 2071.941 ; gain = 129.074

Phase 9 Depositing Routes
Phase 9 Depositing Routes | Checksum: 1aa050d8e

Time (s): cpu = 00:00:21 ; elapsed = 00:00:18 . Memory (MB): peak = 2071.941 ; gain = 129.074

Phase 10 Post Router Timing
INFO: [Route 35-57] Estimated Timing Summary | WNS=3.488  | TNS=0.000  | WHS=0.029  | THS=0.000  |

INFO: [Route 35-327] The final timing numbers are based on the router estimated timing analysis. For a complete and accurate timing signoff, please run report_timing_summary.
Phase 10 Post Router Timing | Checksum: 1aa050d8e

Time (s): cpu = 00:00:21 ; elapsed = 00:00:18 . Memory (MB): peak = 2071.941 ; gain = 129.074
INFO: [Route 35-16] Router Completed Successfully

Time (s): cpu = 00:00:21 ; elapsed = 00:00:18 . Memory (MB): peak = 2071.941 ; gain = 129.074

Routing Is Done.
INFO: [Common 17-83] Releasing license: Implementation
94 Infos, 0 Warnings, 0 Critical Warnings and 0 Errors encountered.
route_design completed successfully
route_design: Time (s): cpu = 00:00:23 ; elapsed = 00:00:19 . Memory (MB): peak = 2071.941 ; gain = 141.105
INFO: [Timing 38-480] Writing timing data to binary archive.
Writing placer database...
Writing XDEF routing.
Writing XDEF routing logical nets.
Writing XDEF routing special nets.
Write XDEF Complete: Time (s): cpu = 00:00:00 ; elapsed = 00:00:00.183 . Memory (MB): peak = 2079.004 ; gain = 7.062
INFO: [Common 17-1381] The checkpoint 'C:/Users/dianhsu/Desktop/FPGA/edt_tutorial/edt_tutorial.runs/impl_1/tutorial_bd_wrapper_routed.dcp' has been generated.
INFO: [runtcl-4] Executing : report_drc -file tutorial_bd_wrapper_drc_routed.rpt -pb tutorial_bd_wrapper_drc_routed.pb -rpx tutorial_bd_wrapper_drc_routed.rpx
Command: report_drc -file tutorial_bd_wrapper_drc_routed.rpt -pb tutorial_bd_wrapper_drc_routed.pb -rpx tutorial_bd_wrapper_drc_routed.rpx
INFO: [IP_Flow 19-1839] IP Catalog is up to date.
INFO: [DRC 23-27] Running DRC with 2 threads
INFO: [Coretcl 2-168] The results of DRC are in file C:/Users/dianhsu/Desktop/FPGA/edt_tutorial/edt_tutorial.runs/impl_1/tutorial_bd_wrapper_drc_routed.rpt.
report_drc completed successfully
INFO: [runtcl-4] Executing : report_methodology -file tutorial_bd_wrapper_methodology_drc_routed.rpt -pb tutorial_bd_wrapper_methodology_drc_routed.pb -rpx tutorial_bd_wrapper_methodology_drc_routed.rpx
Command: report_methodology -file tutorial_bd_wrapper_methodology_drc_routed.rpt -pb tutorial_bd_wrapper_methodology_drc_routed.pb -rpx tutorial_bd_wrapper_methodology_drc_routed.rpx
INFO: [Timing 38-35] Done setting XDC timing constraints.
INFO: [DRC 23-133] Running Methodology with 2 threads
INFO: [Coretcl 2-1520] The results of Report Methodology are in file C:/Users/dianhsu/Desktop/FPGA/edt_tutorial/edt_tutorial.runs/impl_1/tutorial_bd_wrapper_methodology_drc_routed.rpt.
report_methodology completed successfully
INFO: [runtcl-4] Executing : report_power -file tutorial_bd_wrapper_power_routed.rpt -pb tutorial_bd_wrapper_power_summary_routed.pb -rpx tutorial_bd_wrapper_power_routed.rpx
Command: report_power -file tutorial_bd_wrapper_power_routed.rpt -pb tutorial_bd_wrapper_power_summary_routed.pb -rpx tutorial_bd_wrapper_power_routed.rpx
INFO: [Timing 38-35] Done setting XDC timing constraints.
Running Vector-less Activity Propagation...

Finished Running Vector-less Activity Propagation
106 Infos, 0 Warnings, 0 Critical Warnings and 0 Errors encountered.
report_power completed successfully
INFO: [runtcl-4] Executing : report_route_status -file tutorial_bd_wrapper_route_status.rpt -pb tutorial_bd_wrapper_route_status.pb
INFO: [runtcl-4] Executing : report_timing_summary -max_paths 10 -file tutorial_bd_wrapper_timing_summary_routed.rpt -pb tutorial_bd_wrapper_timing_summary_routed.pb -rpx tutorial_bd_wrapper_timing_summary_routed.rpx -warn_on_violation 
INFO: [Timing 38-91] UpdateTimingParams: Speed grade: -1, Delay Type: min_max.
INFO: [Timing 38-191] Multithreading enabled for timing update using a maximum of 2 CPUs
INFO: [runtcl-4] Executing : report_incremental_reuse -file tutorial_bd_wrapper_incremental_reuse_routed.rpt
INFO: [Vivado_Tcl 4-1062] Incremental flow is disabled. No incremental reuse Info to report.
INFO: [runtcl-4] Executing : report_clock_utilization -file tutorial_bd_wrapper_clock_utilization_routed.rpt
INFO: [runtcl-4] Executing : report_bus_skew -warn_on_violation -file tutorial_bd_wrapper_bus_skew_routed.rpt -pb tutorial_bd_wrapper_bus_skew_routed.pb -rpx tutorial_bd_wrapper_bus_skew_routed.rpx
INFO: [Timing 38-91] UpdateTimingParams: Speed grade: -1, Delay Type: min_max.
INFO: [Timing 38-191] Multithreading enabled for timing update using a maximum of 2 CPUs
INFO: [Common 17-206] Exiting Vivado at Fri Jan 15 17:31:11 2021...

*** Running vivado
    with args -log tutorial_bd_wrapper.vdi -applog -m64 -product Vivado -messageDb vivado.pb -mode batch -source tutorial_bd_wrapper.tcl -notrace



****** Vivado v2020.2 (64-bit)
  **** SW Build 3064766 on Wed Nov 18 09:12:45 MST 2020
  **** IP Build 3064653 on Wed Nov 18 14:17:31 MST 2020
    ** Copyright 1986-2020 Xilinx, Inc. All Rights Reserved.

source tutorial_bd_wrapper.tcl -notrace
Command: open_checkpoint tutorial_bd_wrapper_routed.dcp

Starting open_checkpoint Task

Time (s): cpu = 00:00:00 ; elapsed = 00:00:00.033 . Memory (MB): peak = 1126.164 ; gain = 0.000
INFO: [Device 21-403] Loading part xc7z020clg484-1
Netlist sorting complete. Time (s): cpu = 00:00:00 ; elapsed = 00:00:00.085 . Memory (MB): peak = 1126.164 ; gain = 0.000
INFO: [Netlist 29-17] Analyzing 67 Unisim elements for replacement
INFO: [Netlist 29-28] Unisim Transformation completed in 0 CPU seconds
INFO: [Project 1-479] Netlist was created with Vivado 2020.2
INFO: [Project 1-570] Preparing netlist for logic optimization
INFO: [Timing 38-478] Restoring timing data from binary archive.
INFO: [Timing 38-479] Binary timing data restore complete.
INFO: [Project 1-856] Restoring constraints from binary archive.
INFO: [Project 1-853] Binary constraint restore complete.
Reading XDEF placement.
Reading placer database...
Reading XDEF routing.
Read XDEF File: Time (s): cpu = 00:00:00 ; elapsed = 00:00:00.309 . Memory (MB): peak = 1616.648 ; gain = 7.527
Restored from archive | CPU: 0.000000 secs | Memory: 0.000000 MB |
Finished XDEF File Restore: Time (s): cpu = 00:00:00 ; elapsed = 00:00:00.310 . Memory (MB): peak = 1616.648 ; gain = 7.527
Netlist sorting complete. Time (s): cpu = 00:00:00 ; elapsed = 00:00:00.001 . Memory (MB): peak = 1616.648 ; gain = 0.000
INFO: [Project 1-111] Unisim Transformation Summary:
  A total of 1 instances were transformed.
  IOBUF => IOBUF (IBUF, OBUFT): 1 instance 

INFO: [Project 1-604] Checkpoint was created with Vivado v2020.2 (64-bit) build 3064766
open_checkpoint: Time (s): cpu = 00:00:15 ; elapsed = 00:00:17 . Memory (MB): peak = 1616.648 ; gain = 490.484
Command: write_bitstream -force tutorial_bd_wrapper.bit
Attempting to get a license for feature 'Implementation' and/or device 'xc7z020'
INFO: [Common 17-349] Got license for feature 'Implementation' and/or device 'xc7z020'
Running DRC as a precondition to command write_bitstream
INFO: [IP_Flow 19-234] Refreshing IP repositories
INFO: [IP_Flow 19-1704] No user IP repositories specified
INFO: [IP_Flow 19-2313] Loaded Vivado IP repository 'C:/Xilinx/Vivado/2020.2/data/ip'.
INFO: [DRC 23-27] Running DRC with 2 threads
INFO: [Vivado 12-3199] DRC finished with 0 Errors
INFO: [Vivado 12-3200] Please refer to the DRC report (report_drc) for more information.
INFO: [Designutils 20-2272] Running write_bitstream with 2 threads.
Loading data files...
Loading site data...
Loading route data...
Processing options...
Creating bitmap...
Creating bitstream...
Writing bitstream ./tutorial_bd_wrapper.bit...
INFO: [Vivado 12-1842] Bitgen Completed Successfully.
INFO: [Project 1-120] WebTalk data collection is mandatory when using a WebPACK part without a full Vivado license. To see the specific WebTalk data collected for your design, open the usage_statistics_webtalk.html or usage_statistics_webtalk.xml file in the implementation directory.
INFO: [Common 17-83] Releasing license: Implementation
22 Infos, 0 Warnings, 0 Critical Warnings and 0 Errors encountered.
write_bitstream completed successfully
write_bitstream: Time (s): cpu = 00:00:13 ; elapsed = 00:00:24 . Memory (MB): peak = 2134.312 ; gain = 517.664
INFO: [Common 17-206] Exiting Vivado at Fri Jan 15 17:32:54 2021...
